[0.010s] Invoking command in '/home/c/ros_ws/build/hik_camera': CMAKE_PREFIX_PATH=/opt/ros/humble /home/c/.local/bin/cmake /home/c/ros_ws/src/ros2-hik-camera -DAMENT_CMAKE_SYMLINK_INSTALL=1 -DCMAKE_INSTALL_PREFIX=/home/c/ros_ws/install/hik_camera
[0.118s] -- The C compiler identification is GNU 12.3.0
[0.194s] -- The CXX compiler identification is GNU 12.3.0
[0.203s] -- Detecting C compiler ABI info
[0.257s] -- Detecting C compiler ABI info - done
[0.264s] -- Check for working C compiler: /usr/bin/cc - skipped
[0.264s] -- Detecting C compile features
[0.265s] -- Detecting C compile features - done
[0.268s] -- Detecting CXX compiler ABI info
[0.330s] -- Detecting CXX compiler ABI info - done
[0.337s] -- Check for working CXX compiler: /usr/bin/c++ - skipped
[0.337s] -- Detecting CXX compile features
[0.337s] -- Detecting CXX compile features - done
[0.341s] -- Found ament_cmake_auto: 1.3.14 (/opt/ros/humble/share/ament_cmake_auto/cmake)
[0.449s] -- Found Python3: /usr/bin/python3 (found version "3.10.12") found components: Interpreter 
[0.513s] -- Override CMake install command with custom implementation using symlinks instead of copying resources
[0.652s] -- Found rosidl_generator_c: 3.1.9 (/opt/ros/humble/share/rosidl_generator_c/cmake)
[0.656s] -- Found rosidl_adapter: 3.1.9 (/opt/ros/humble/share/rosidl_adapter/cmake)
[0.664s] -- Found rosidl_generator_cpp: 3.1.9 (/opt/ros/humble/share/rosidl_generator_cpp/cmake)
[0.676s] -- Using all available rosidl_typesupport_c: rosidl_typesupport_fastrtps_c;rosidl_typesupport_introspection_c
[0.692s] -- Using all available rosidl_typesupport_cpp: rosidl_typesupport_fastrtps_cpp;rosidl_typesupport_introspection_cpp
[0.740s] -- Found rmw_implementation_cmake: 6.1.2 (/opt/ros/humble/share/rmw_implementation_cmake/cmake)
[0.743s] -- Found rmw_fastrtps_cpp: 6.2.10 (/opt/ros/humble/share/rmw_fastrtps_cpp/cmake)
[0.832s] -- Found OpenSSL: /usr/lib/x86_64-linux-gnu/libcrypto.so (found version "3.0.2")  
[0.865s] -- Found FastRTPS: /opt/ros/humble/include  
[0.908s] -- Using RMW implementation 'rmw_fastrtps_cpp' as default
[0.918s] -- Looking for pthread.h
[0.972s] -- Looking for pthread.h - found
[0.972s] -- Performing Test CMAKE_HAVE_LIBC_PTHREAD
[1.026s] -- Performing Test CMAKE_HAVE_LIBC_PTHREAD - Success
[1.027s] -- Found Threads: TRUE  
[1.208s] -- Found ament_lint_auto: 0.12.15 (/opt/ros/humble/share/ament_lint_auto/cmake)
[1.233s] -- Added test 'cppcheck' to perform static code analysis on C / C++ code
[1.233s] -- Configured cppcheck include dirs: /home/c/ros_ws/src/ros2-hik-camera/hikSDK/include
[1.233s] -- Configured cppcheck exclude dirs and/or files: 
[1.233s] -- Added test 'flake8' to check Python code syntax and style conventions
[1.235s] -- Added test 'lint_cmake' to check CMake code style
[1.235s] -- Added test 'pep257' to check Python code against some of the docstring style conventions in PEP 257
[1.236s] -- Added test 'xmllint' to check XML markup files
[1.239s] -- Configuring done
[1.253s] -- Generating done
[1.257s] -- Build files have been written to: /home/c/ros_ws/build/hik_camera
[1.268s] Invoked command in '/home/c/ros_ws/build/hik_camera' returned '0': CMAKE_PREFIX_PATH=/opt/ros/humble /home/c/.local/bin/cmake /home/c/ros_ws/src/ros2-hik-camera -DAMENT_CMAKE_SYMLINK_INSTALL=1 -DCMAKE_INSTALL_PREFIX=/home/c/ros_ws/install/hik_camera
[1.270s] Invoking command in '/home/c/ros_ws/build/hik_camera': CMAKE_PREFIX_PATH=/opt/ros/humble /home/c/.local/bin/cmake --build /home/c/ros_ws/build/hik_camera -- -j12 -l12
[1.290s] [ 50%] [32mBuilding CXX object CMakeFiles/hik_camera_node.dir/rclcpp_components/node_main_hik_camera_node.cpp.o[0m
[1.290s] [ 50%] [32mBuilding CXX object CMakeFiles/hik_camera.dir/src/hik_camera_node.cpp.o[0m
[6.127s] [ 75%] [32m[1mLinking CXX executable hik_camera_node[0m
[6.338s] [ 75%] Built target hik_camera_node
[6.485s] [100%] [32m[1mLinking CXX shared library libhik_camera.so[0m
[6.621s] [100%] Built target hik_camera
[6.625s] Invoked command in '/home/c/ros_ws/build/hik_camera' returned '0': CMAKE_PREFIX_PATH=/opt/ros/humble /home/c/.local/bin/cmake --build /home/c/ros_ws/build/hik_camera -- -j12 -l12
[6.627s] Invoking command in '/home/c/ros_ws/build/hik_camera': CMAKE_PREFIX_PATH=/opt/ros/humble /home/c/.local/bin/cmake --install /home/c/ros_ws/build/hik_camera
[6.628s] -- Install configuration: ""
[6.629s] -- Execute custom install script
[6.629s] -- Symlinking: /home/c/ros_ws/install/hik_camera/lib/libFormatConversion.so
[6.631s] -- Symlinking: /home/c/ros_ws/install/hik_camera/lib/libMVRender.so
[6.633s] -- Symlinking: /home/c/ros_ws/install/hik_camera/lib/libMediaProcess.so
[6.635s] -- Symlinking: /home/c/ros_ws/install/hik_camera/lib/libMvCameraControl.so
[6.637s] -- Symlinking: /home/c/ros_ws/install/hik_camera/lib/libMvUsb3vTL.so
[6.639s] -- Symlinking: /home/c/ros_ws/install/hik_camera/lib/hik_camera/hik_camera_node
[6.641s] -- Symlinking: /home/c/ros_ws/install/hik_camera/share/hik_camera/environment/library_path.sh
[6.643s] -- Symlinking: /home/c/ros_ws/install/hik_camera/share/hik_camera/environment/library_path.dsv
[6.645s] -- Symlinking: /home/c/ros_ws/install/hik_camera/lib/libhik_camera.so
[6.647s] -- Symlinking: /home/c/ros_ws/install/hik_camera/share/hik_camera/config/camera_info.yaml
[6.649s] -- Symlinking: /home/c/ros_ws/install/hik_camera/share/hik_camera/config/camera_params.yaml
[6.651s] -- Symlinking: /home/c/ros_ws/install/hik_camera/share/hik_camera/launch/hik_camera.launch.py
[6.653s] -- Symlinking: /home/c/ros_ws/install/hik_camera/share/ament_index/resource_index/package_run_dependencies/hik_camera
[6.656s] -- Symlinking: /home/c/ros_ws/install/hik_camera/share/ament_index/resource_index/parent_prefix_path/hik_camera
[6.658s] -- Symlinking: /home/c/ros_ws/install/hik_camera/share/hik_camera/environment/ament_prefix_path.sh
[6.660s] -- Symlinking: /home/c/ros_ws/install/hik_camera/share/hik_camera/environment/ament_prefix_path.dsv
[6.662s] -- Symlinking: /home/c/ros_ws/install/hik_camera/share/hik_camera/environment/path.sh
[6.664s] -- Symlinking: /home/c/ros_ws/install/hik_camera/share/hik_camera/environment/path.dsv
[6.666s] -- Symlinking: /home/c/ros_ws/install/hik_camera/share/hik_camera/local_setup.bash
[6.668s] -- Symlinking: /home/c/ros_ws/install/hik_camera/share/hik_camera/local_setup.sh
[6.670s] -- Symlinking: /home/c/ros_ws/install/hik_camera/share/hik_camera/local_setup.zsh
[6.672s] -- Symlinking: /home/c/ros_ws/install/hik_camera/share/hik_camera/local_setup.dsv
[6.674s] -- Symlinking: /home/c/ros_ws/install/hik_camera/share/hik_camera/package.dsv
[6.676s] -- Symlinking: /home/c/ros_ws/install/hik_camera/share/ament_index/resource_index/packages/hik_camera
[6.678s] -- Symlinking: /home/c/ros_ws/install/hik_camera/share/ament_index/resource_index/rclcpp_components/hik_camera
[6.680s] -- Symlinking: /home/c/ros_ws/install/hik_camera/share/hik_camera/cmake/ament_cmake_export_dependencies-extras.cmake
[6.682s] -- Symlinking: /home/c/ros_ws/install/hik_camera/share/hik_camera/cmake/ament_cmake_export_libraries-extras.cmake
[6.684s] -- Symlinking: /home/c/ros_ws/install/hik_camera/share/hik_camera/cmake/hik_cameraConfig.cmake
[6.687s] -- Symlinking: /home/c/ros_ws/install/hik_camera/share/hik_camera/cmake/hik_cameraConfig-version.cmake
[6.688s] -- Symlinking: /home/c/ros_ws/install/hik_camera/share/hik_camera/package.xml
[6.693s] Invoked command in '/home/c/ros_ws/build/hik_camera' returned '0': CMAKE_PREFIX_PATH=/opt/ros/humble /home/c/.local/bin/cmake --install /home/c/ros_ws/build/hik_camera
