[0.013s] Invoking command in '/home/c/ros_ws/build/rm_vision_bringup': AMENT_PREFIX_PATH=/home/c/ros_ws/install/rm_auto_aim:/home/c/ros_ws/install/rm_serial_driver:/home/c/ros_ws/install/armor_tracker:/home/c/ros_ws/install/armor_detector:/home/c/ros_ws/install/auto_aim_interfaces:${AMENT_PREFIX_PATH} CMAKE_PREFIX_PATH=/home/c/ros_ws/install/rm_auto_aim:/home/c/ros_ws/install/rm_serial_driver:/home/c/ros_ws/install/armor_tracker:/home/c/ros_ws/install/armor_detector:/home/c/ros_ws/install/auto_aim_interfaces:/opt/ros/humble LD_LIBRARY_PATH=/home/c/ros_ws/install/rm_serial_driver/lib:/home/c/ros_ws/install/armor_tracker/lib:/home/c/ros_ws/install/armor_detector/lib:/home/c/ros_ws/install/auto_aim_interfaces/lib:/opt/ros/humble/opt/rviz_ogre_vendor/lib:/opt/ros/humble/lib/x86_64-linux-gnu:/opt/ros/humble/lib:/opt/MVS/lib/64:/opt/MVS/lib/32:/opt/MVS/lib/64:/opt/MVS/lib/32:/opt/MVS/lib/64:/opt/MVS/lib/32 PYTHONPATH=/home/c/ros_ws/install/auto_aim_interfaces/local/lib/python3.10/dist-packages:${PYTHONPATH} /home/c/.local/bin/cmake /home/c/ros_ws/src/rm_vision/rm_vision_bringup -DAMENT_CMAKE_SYMLINK_INSTALL=1 -DCMAKE_INSTALL_PREFIX=/home/c/ros_ws/install/rm_vision_bringup
[0.062s] -- The C compiler identification is GNU 12.3.0
[0.116s] -- The CXX compiler identification is GNU 12.3.0
[0.121s] -- Detecting C compiler ABI info
[0.170s] -- Detecting C compiler ABI info - done
[0.177s] -- Check for working C compiler: /usr/bin/cc - skipped
[0.177s] -- Detecting C compile features
[0.177s] -- Detecting C compile features - done
[0.180s] -- Detecting CXX compiler ABI info
[0.238s] -- Detecting CXX compiler ABI info - done
[0.245s] -- Check for working CXX compiler: /usr/bin/c++ - skipped
[0.245s] -- Detecting CXX compile features
[0.245s] -- Detecting CXX compile features - done
[0.247s] -- Found ament_cmake_auto: 1.3.14 (/opt/ros/humble/share/ament_cmake_auto/cmake)
[0.350s] -- Found Python3: /usr/bin/python3 (found version "3.10.12") found components: Interpreter 
[0.402s] -- Override CMake install command with custom implementation using symlinks instead of copying resources
[0.430s] -- Found ament_lint_auto: 0.12.15 (/opt/ros/humble/share/ament_lint_auto/cmake)
[0.486s] -- Configuring done
[0.489s] -- Generating done
[0.490s] -- Build files have been written to: /home/c/ros_ws/build/rm_vision_bringup
[0.505s] Invoked command in '/home/c/ros_ws/build/rm_vision_bringup' returned '0': AMENT_PREFIX_PATH=/home/c/ros_ws/install/rm_auto_aim:/home/c/ros_ws/install/rm_serial_driver:/home/c/ros_ws/install/armor_tracker:/home/c/ros_ws/install/armor_detector:/home/c/ros_ws/install/auto_aim_interfaces:${AMENT_PREFIX_PATH} CMAKE_PREFIX_PATH=/home/c/ros_ws/install/rm_auto_aim:/home/c/ros_ws/install/rm_serial_driver:/home/c/ros_ws/install/armor_tracker:/home/c/ros_ws/install/armor_detector:/home/c/ros_ws/install/auto_aim_interfaces:/opt/ros/humble LD_LIBRARY_PATH=/home/c/ros_ws/install/rm_serial_driver/lib:/home/c/ros_ws/install/armor_tracker/lib:/home/c/ros_ws/install/armor_detector/lib:/home/c/ros_ws/install/auto_aim_interfaces/lib:/opt/ros/humble/opt/rviz_ogre_vendor/lib:/opt/ros/humble/lib/x86_64-linux-gnu:/opt/ros/humble/lib:/opt/MVS/lib/64:/opt/MVS/lib/32:/opt/MVS/lib/64:/opt/MVS/lib/32:/opt/MVS/lib/64:/opt/MVS/lib/32 PYTHONPATH=/home/c/ros_ws/install/auto_aim_interfaces/local/lib/python3.10/dist-packages:${PYTHONPATH} /home/c/.local/bin/cmake /home/c/ros_ws/src/rm_vision/rm_vision_bringup -DAMENT_CMAKE_SYMLINK_INSTALL=1 -DCMAKE_INSTALL_PREFIX=/home/c/ros_ws/install/rm_vision_bringup
[0.507s] Invoking command in '/home/c/ros_ws/build/rm_vision_bringup': AMENT_PREFIX_PATH=/home/c/ros_ws/install/rm_auto_aim:/home/c/ros_ws/install/rm_serial_driver:/home/c/ros_ws/install/armor_tracker:/home/c/ros_ws/install/armor_detector:/home/c/ros_ws/install/auto_aim_interfaces:${AMENT_PREFIX_PATH} CMAKE_PREFIX_PATH=/home/c/ros_ws/install/rm_auto_aim:/home/c/ros_ws/install/rm_serial_driver:/home/c/ros_ws/install/armor_tracker:/home/c/ros_ws/install/armor_detector:/home/c/ros_ws/install/auto_aim_interfaces:/opt/ros/humble LD_LIBRARY_PATH=/home/c/ros_ws/install/rm_serial_driver/lib:/home/c/ros_ws/install/armor_tracker/lib:/home/c/ros_ws/install/armor_detector/lib:/home/c/ros_ws/install/auto_aim_interfaces/lib:/opt/ros/humble/opt/rviz_ogre_vendor/lib:/opt/ros/humble/lib/x86_64-linux-gnu:/opt/ros/humble/lib:/opt/MVS/lib/64:/opt/MVS/lib/32:/opt/MVS/lib/64:/opt/MVS/lib/32:/opt/MVS/lib/64:/opt/MVS/lib/32 PYTHONPATH=/home/c/ros_ws/install/auto_aim_interfaces/local/lib/python3.10/dist-packages:${PYTHONPATH} /home/c/.local/bin/cmake --build /home/c/ros_ws/build/rm_vision_bringup -- -j12 -l12
[0.519s] Invoked command in '/home/c/ros_ws/build/rm_vision_bringup' returned '0': AMENT_PREFIX_PATH=/home/c/ros_ws/install/rm_auto_aim:/home/c/ros_ws/install/rm_serial_driver:/home/c/ros_ws/install/armor_tracker:/home/c/ros_ws/install/armor_detector:/home/c/ros_ws/install/auto_aim_interfaces:${AMENT_PREFIX_PATH} CMAKE_PREFIX_PATH=/home/c/ros_ws/install/rm_auto_aim:/home/c/ros_ws/install/rm_serial_driver:/home/c/ros_ws/install/armor_tracker:/home/c/ros_ws/install/armor_detector:/home/c/ros_ws/install/auto_aim_interfaces:/opt/ros/humble LD_LIBRARY_PATH=/home/c/ros_ws/install/rm_serial_driver/lib:/home/c/ros_ws/install/armor_tracker/lib:/home/c/ros_ws/install/armor_detector/lib:/home/c/ros_ws/install/auto_aim_interfaces/lib:/opt/ros/humble/opt/rviz_ogre_vendor/lib:/opt/ros/humble/lib/x86_64-linux-gnu:/opt/ros/humble/lib:/opt/MVS/lib/64:/opt/MVS/lib/32:/opt/MVS/lib/64:/opt/MVS/lib/32:/opt/MVS/lib/64:/opt/MVS/lib/32 PYTHONPATH=/home/c/ros_ws/install/auto_aim_interfaces/local/lib/python3.10/dist-packages:${PYTHONPATH} /home/c/.local/bin/cmake --build /home/c/ros_ws/build/rm_vision_bringup -- -j12 -l12
[0.520s] Invoking command in '/home/c/ros_ws/build/rm_vision_bringup': AMENT_PREFIX_PATH=/home/c/ros_ws/install/rm_auto_aim:/home/c/ros_ws/install/rm_serial_driver:/home/c/ros_ws/install/armor_tracker:/home/c/ros_ws/install/armor_detector:/home/c/ros_ws/install/auto_aim_interfaces:${AMENT_PREFIX_PATH} CMAKE_PREFIX_PATH=/home/c/ros_ws/install/rm_auto_aim:/home/c/ros_ws/install/rm_serial_driver:/home/c/ros_ws/install/armor_tracker:/home/c/ros_ws/install/armor_detector:/home/c/ros_ws/install/auto_aim_interfaces:/opt/ros/humble LD_LIBRARY_PATH=/home/c/ros_ws/install/rm_serial_driver/lib:/home/c/ros_ws/install/armor_tracker/lib:/home/c/ros_ws/install/armor_detector/lib:/home/c/ros_ws/install/auto_aim_interfaces/lib:/opt/ros/humble/opt/rviz_ogre_vendor/lib:/opt/ros/humble/lib/x86_64-linux-gnu:/opt/ros/humble/lib:/opt/MVS/lib/64:/opt/MVS/lib/32:/opt/MVS/lib/64:/opt/MVS/lib/32:/opt/MVS/lib/64:/opt/MVS/lib/32 PYTHONPATH=/home/c/ros_ws/install/auto_aim_interfaces/local/lib/python3.10/dist-packages:${PYTHONPATH} /home/c/.local/bin/cmake --install /home/c/ros_ws/build/rm_vision_bringup
[0.523s] -- Install configuration: ""
[0.523s] -- Execute custom install script
[0.524s] -- Symlinking: /home/c/ros_ws/install/rm_vision_bringup/share/rm_vision_bringup/launch/common.py
[0.526s] -- Symlinking: /home/c/ros_ws/install/rm_vision_bringup/share/rm_vision_bringup/launch/no_hardware.launch.py
[0.528s] -- Symlinking: /home/c/ros_ws/install/rm_vision_bringup/share/rm_vision_bringup/launch/vision_bringup.launch.py
[0.530s] -- Symlinking: /home/c/ros_ws/install/rm_vision_bringup/share/rm_vision_bringup/config/camera_info.yaml
[0.532s] -- Symlinking: /home/c/ros_ws/install/rm_vision_bringup/share/rm_vision_bringup/config/launch_params.yaml
[0.534s] -- Symlinking: /home/c/ros_ws/install/rm_vision_bringup/share/rm_vision_bringup/config/node_params.yaml
[0.536s] -- Symlinking: /home/c/ros_ws/install/rm_vision_bringup/share/ament_index/resource_index/package_run_dependencies/rm_vision_bringup
[0.538s] -- Symlinking: /home/c/ros_ws/install/rm_vision_bringup/share/ament_index/resource_index/parent_prefix_path/rm_vision_bringup
[0.540s] -- Symlinking: /home/c/ros_ws/install/rm_vision_bringup/share/rm_vision_bringup/environment/ament_prefix_path.sh
[0.542s] -- Symlinking: /home/c/ros_ws/install/rm_vision_bringup/share/rm_vision_bringup/environment/ament_prefix_path.dsv
[0.545s] -- Symlinking: /home/c/ros_ws/install/rm_vision_bringup/share/rm_vision_bringup/environment/path.sh
[0.547s] -- Symlinking: /home/c/ros_ws/install/rm_vision_bringup/share/rm_vision_bringup/environment/path.dsv
[0.549s] -- Symlinking: /home/c/ros_ws/install/rm_vision_bringup/share/rm_vision_bringup/local_setup.bash
[0.551s] -- Symlinking: /home/c/ros_ws/install/rm_vision_bringup/share/rm_vision_bringup/local_setup.sh
[0.553s] -- Symlinking: /home/c/ros_ws/install/rm_vision_bringup/share/rm_vision_bringup/local_setup.zsh
[0.555s] -- Symlinking: /home/c/ros_ws/install/rm_vision_bringup/share/rm_vision_bringup/local_setup.dsv
[0.557s] -- Symlinking: /home/c/ros_ws/install/rm_vision_bringup/share/rm_vision_bringup/package.dsv
[0.559s] -- Symlinking: /home/c/ros_ws/install/rm_vision_bringup/share/ament_index/resource_index/packages/rm_vision_bringup
[0.561s] -- Symlinking: /home/c/ros_ws/install/rm_vision_bringup/share/rm_vision_bringup/cmake/rm_vision_bringupConfig.cmake
[0.564s] -- Symlinking: /home/c/ros_ws/install/rm_vision_bringup/share/rm_vision_bringup/cmake/rm_vision_bringupConfig-version.cmake
[0.566s] -- Symlinking: /home/c/ros_ws/install/rm_vision_bringup/share/rm_vision_bringup/package.xml
[0.569s] Invoked command in '/home/c/ros_ws/build/rm_vision_bringup' returned '0': AMENT_PREFIX_PATH=/home/c/ros_ws/install/rm_auto_aim:/home/c/ros_ws/install/rm_serial_driver:/home/c/ros_ws/install/armor_tracker:/home/c/ros_ws/install/armor_detector:/home/c/ros_ws/install/auto_aim_interfaces:${AMENT_PREFIX_PATH} CMAKE_PREFIX_PATH=/home/c/ros_ws/install/rm_auto_aim:/home/c/ros_ws/install/rm_serial_driver:/home/c/ros_ws/install/armor_tracker:/home/c/ros_ws/install/armor_detector:/home/c/ros_ws/install/auto_aim_interfaces:/opt/ros/humble LD_LIBRARY_PATH=/home/c/ros_ws/install/rm_serial_driver/lib:/home/c/ros_ws/install/armor_tracker/lib:/home/c/ros_ws/install/armor_detector/lib:/home/c/ros_ws/install/auto_aim_interfaces/lib:/opt/ros/humble/opt/rviz_ogre_vendor/lib:/opt/ros/humble/lib/x86_64-linux-gnu:/opt/ros/humble/lib:/opt/MVS/lib/64:/opt/MVS/lib/32:/opt/MVS/lib/64:/opt/MVS/lib/32:/opt/MVS/lib/64:/opt/MVS/lib/32 PYTHONPATH=/home/c/ros_ws/install/auto_aim_interfaces/local/lib/python3.10/dist-packages:${PYTHONPATH} /home/c/.local/bin/cmake --install /home/c/ros_ws/build/rm_vision_bringup
