[0.009s] Invoking command in '/home/c/ros_ws/build/rm_serial_driver': AMENT_PREFIX_PATH=/home/c/ros_ws/install/auto_aim_interfaces:${AMENT_PREFIX_PATH} CMAKE_PREFIX_PATH=/home/c/ros_ws/install/auto_aim_interfaces:/opt/ros/humble LD_LIBRARY_PATH=/home/c/ros_ws/install/auto_aim_interfaces/lib:/opt/ros/humble/opt/rviz_ogre_vendor/lib:/opt/ros/humble/lib/x86_64-linux-gnu:/opt/ros/humble/lib:/opt/MVS/lib/64:/opt/MVS/lib/32:/opt/MVS/lib/64:/opt/MVS/lib/32:/opt/MVS/lib/64:/opt/MVS/lib/32 PYTHONPATH=/home/c/ros_ws/install/auto_aim_interfaces/local/lib/python3.10/dist-packages:${PYTHONPATH} /home/c/.local/bin/cmake /home/c/ros_ws/src/rm_serial_driver -DAMENT_CMAKE_SYMLINK_INSTALL=1 -DCMAKE_INSTALL_PREFIX=/home/c/ros_ws/install/rm_serial_driver
[0.053s] -- The C compiler identification is GNU 12.3.0
[0.111s] -- The CXX compiler identification is GNU 12.3.0
[0.117s] -- Detecting C compiler ABI info
[0.165s] -- Detecting C compiler ABI info - done
[0.171s] -- Check for working C compiler: /usr/bin/cc - skipped
[0.172s] -- Detecting C compile features
[0.172s] -- Detecting C compile features - done
[0.175s] -- Detecting CXX compiler ABI info
[0.236s] -- Detecting CXX compiler ABI info - done
[0.243s] -- Check for working CXX compiler: /usr/bin/c++ - skipped
[0.244s] -- Detecting CXX compile features
[0.244s] -- Detecting CXX compile features - done
[0.246s] -- Found ament_cmake_auto: 1.3.14 (/opt/ros/humble/share/ament_cmake_auto/cmake)
[0.352s] -- Found Python3: /usr/bin/python3 (found version "3.10.12") found components: Interpreter 
[0.407s] -- Override CMake install command with custom implementation using symlinks instead of copying resources
[0.521s] -- Found rosidl_generator_c: 3.1.9 (/opt/ros/humble/share/rosidl_generator_c/cmake)
[0.525s] -- Found rosidl_adapter: 3.1.9 (/opt/ros/humble/share/rosidl_adapter/cmake)
[0.533s] -- Found rosidl_generator_cpp: 3.1.9 (/opt/ros/humble/share/rosidl_generator_cpp/cmake)
[0.544s] -- Using all available rosidl_typesupport_c: rosidl_typesupport_fastrtps_c;rosidl_typesupport_introspection_c
[0.560s] -- Using all available rosidl_typesupport_cpp: rosidl_typesupport_fastrtps_cpp;rosidl_typesupport_introspection_cpp
[0.600s] -- Found rmw_implementation_cmake: 6.1.2 (/opt/ros/humble/share/rmw_implementation_cmake/cmake)
[0.603s] -- Found rmw_fastrtps_cpp: 6.2.10 (/opt/ros/humble/share/rmw_fastrtps_cpp/cmake)
[0.678s] -- Found OpenSSL: /usr/lib/x86_64-linux-gnu/libcrypto.so (found version "3.0.2")  
[0.707s] -- Found FastRTPS: /opt/ros/humble/include  
[0.753s] -- Using RMW implementation 'rmw_fastrtps_cpp' as default
[0.760s] -- Looking for pthread.h
[0.816s] -- Looking for pthread.h - found
[0.816s] -- Performing Test CMAKE_HAVE_LIBC_PTHREAD
[0.870s] -- Performing Test CMAKE_HAVE_LIBC_PTHREAD - Success
[0.871s] -- Found Threads: TRUE  
[0.980s] -- Found asio_cmake_module: 1.2.0 (/opt/ros/humble/share/asio_cmake_module/cmake)
[0.982s] -- Found ASIO: /usr/include  
[1.125s] -- Found eigen3_cmake_module: 0.1.1 (/opt/ros/humble/share/eigen3_cmake_module/cmake)
[1.126s] -- Found Eigen3: TRUE (found version "3.4.0") 
[1.126s] -- Ensuring Eigen3 include directory is part of orocos-kdl CMake target
[1.197s] -- Found ament_lint_auto: 0.12.15 (/opt/ros/humble/share/ament_lint_auto/cmake)
[1.214s] [0mIn this package, headers install destination is set to `include` by ament_auto_package. It is recommended to install `include/rm_serial_driver` instead and will be the default behavior of ament_auto_package from ROS 2 Kilted Kaiju. On distributions before Kilted, ament_auto_package behaves the same way when you use USE_SCOPED_HEADER_INSTALL_DIR option.[0m
[1.224s] -- Added test 'cppcheck' to perform static code analysis on C / C++ code
[1.224s] -- Configured cppcheck include dirs: /home/c/ros_ws/src/rm_serial_driver/include
[1.224s] -- Configured cppcheck exclude dirs and/or files: 
[1.227s] -- Added test 'cpplint' to check C / C++ code against the Google style
[1.227s] -- Configured cpplint exclude dirs and/or files: 
[1.228s] -- Added test 'flake8' to check Python code syntax and style conventions
[1.230s] -- Added test 'lint_cmake' to check CMake code style
[1.230s] -- Added test 'pep257' to check Python code against some of the docstring style conventions in PEP 257
[1.231s] -- Added test 'xmllint' to check XML markup files
[1.235s] -- Added test 'clang_format' to check C / C++ code style
[1.237s] -- Configuring done
[1.274s] -- Generating done
[1.280s] -- Build files have been written to: /home/c/ros_ws/build/rm_serial_driver
[1.310s] Invoked command in '/home/c/ros_ws/build/rm_serial_driver' returned '0': AMENT_PREFIX_PATH=/home/c/ros_ws/install/auto_aim_interfaces:${AMENT_PREFIX_PATH} CMAKE_PREFIX_PATH=/home/c/ros_ws/install/auto_aim_interfaces:/opt/ros/humble LD_LIBRARY_PATH=/home/c/ros_ws/install/auto_aim_interfaces/lib:/opt/ros/humble/opt/rviz_ogre_vendor/lib:/opt/ros/humble/lib/x86_64-linux-gnu:/opt/ros/humble/lib:/opt/MVS/lib/64:/opt/MVS/lib/32:/opt/MVS/lib/64:/opt/MVS/lib/32:/opt/MVS/lib/64:/opt/MVS/lib/32 PYTHONPATH=/home/c/ros_ws/install/auto_aim_interfaces/local/lib/python3.10/dist-packages:${PYTHONPATH} /home/c/.local/bin/cmake /home/c/ros_ws/src/rm_serial_driver -DAMENT_CMAKE_SYMLINK_INSTALL=1 -DCMAKE_INSTALL_PREFIX=/home/c/ros_ws/install/rm_serial_driver
[1.313s] Invoking command in '/home/c/ros_ws/build/rm_serial_driver': AMENT_PREFIX_PATH=/home/c/ros_ws/install/auto_aim_interfaces:${AMENT_PREFIX_PATH} CMAKE_PREFIX_PATH=/home/c/ros_ws/install/auto_aim_interfaces:/opt/ros/humble LD_LIBRARY_PATH=/home/c/ros_ws/install/auto_aim_interfaces/lib:/opt/ros/humble/opt/rviz_ogre_vendor/lib:/opt/ros/humble/lib/x86_64-linux-gnu:/opt/ros/humble/lib:/opt/MVS/lib/64:/opt/MVS/lib/32:/opt/MVS/lib/64:/opt/MVS/lib/32:/opt/MVS/lib/64:/opt/MVS/lib/32 PYTHONPATH=/home/c/ros_ws/install/auto_aim_interfaces/local/lib/python3.10/dist-packages:${PYTHONPATH} /home/c/.local/bin/cmake --build /home/c/ros_ws/build/rm_serial_driver -- -j12 -l12
[1.351s] [ 20%] [32mBuilding CXX object CMakeFiles/rm_serial_driver_node.dir/rclcpp_components/node_main_rm_serial_driver_node.cpp.o[0m
[1.352s] [ 40%] [32mBuilding CXX object CMakeFiles/rm_serial_driver.dir/src/rm_serial_driver.cpp.o[0m
[1.353s] [ 60%] [32mBuilding CXX object CMakeFiles/rm_serial_driver.dir/src/crc.cpp.o[0m
[7.446s] [ 80%] [32m[1mLinking CXX executable rm_serial_driver_node[0m
[7.606s] [ 80%] Built target rm_serial_driver_node
[17.027s] [100%] [32m[1mLinking CXX shared library librm_serial_driver.so[0m
[17.694s] [100%] Built target rm_serial_driver
[17.700s] Invoked command in '/home/c/ros_ws/build/rm_serial_driver' returned '0': AMENT_PREFIX_PATH=/home/c/ros_ws/install/auto_aim_interfaces:${AMENT_PREFIX_PATH} CMAKE_PREFIX_PATH=/home/c/ros_ws/install/auto_aim_interfaces:/opt/ros/humble LD_LIBRARY_PATH=/home/c/ros_ws/install/auto_aim_interfaces/lib:/opt/ros/humble/opt/rviz_ogre_vendor/lib:/opt/ros/humble/lib/x86_64-linux-gnu:/opt/ros/humble/lib:/opt/MVS/lib/64:/opt/MVS/lib/32:/opt/MVS/lib/64:/opt/MVS/lib/32:/opt/MVS/lib/64:/opt/MVS/lib/32 PYTHONPATH=/home/c/ros_ws/install/auto_aim_interfaces/local/lib/python3.10/dist-packages:${PYTHONPATH} /home/c/.local/bin/cmake --build /home/c/ros_ws/build/rm_serial_driver -- -j12 -l12
[17.701s] Invoking command in '/home/c/ros_ws/build/rm_serial_driver': AMENT_PREFIX_PATH=/home/c/ros_ws/install/auto_aim_interfaces:${AMENT_PREFIX_PATH} CMAKE_PREFIX_PATH=/home/c/ros_ws/install/auto_aim_interfaces:/opt/ros/humble LD_LIBRARY_PATH=/home/c/ros_ws/install/auto_aim_interfaces/lib:/opt/ros/humble/opt/rviz_ogre_vendor/lib:/opt/ros/humble/lib/x86_64-linux-gnu:/opt/ros/humble/lib:/opt/MVS/lib/64:/opt/MVS/lib/32:/opt/MVS/lib/64:/opt/MVS/lib/32:/opt/MVS/lib/64:/opt/MVS/lib/32 PYTHONPATH=/home/c/ros_ws/install/auto_aim_interfaces/local/lib/python3.10/dist-packages:${PYTHONPATH} /home/c/.local/bin/cmake --install /home/c/ros_ws/build/rm_serial_driver
[17.703s] -- Install configuration: ""
[17.703s] -- Execute custom install script
[17.704s] -- Symlinking: /home/c/ros_ws/install/rm_serial_driver/lib/rm_serial_driver/rm_serial_driver_node
[17.706s] -- Symlinking: /home/c/ros_ws/install/rm_serial_driver/include/rm_serial_driver/crc.hpp
[17.708s] -- Symlinking: /home/c/ros_ws/install/rm_serial_driver/include/rm_serial_driver/packet.hpp
[17.710s] -- Symlinking: /home/c/ros_ws/install/rm_serial_driver/include/rm_serial_driver/rm_serial_driver.hpp
[17.712s] -- Symlinking: /home/c/ros_ws/install/rm_serial_driver/share/rm_serial_driver/environment/library_path.sh
[17.715s] -- Symlinking: /home/c/ros_ws/install/rm_serial_driver/share/rm_serial_driver/environment/library_path.dsv
[17.717s] -- Symlinking: /home/c/ros_ws/install/rm_serial_driver/lib/librm_serial_driver.so
[17.719s] -- Symlinking: /home/c/ros_ws/install/rm_serial_driver/share/rm_serial_driver/config/serial_driver.yaml
[17.721s] -- Symlinking: /home/c/ros_ws/install/rm_serial_driver/share/rm_serial_driver/launch/serial_driver.launch.py
[17.723s] -- Symlinking: /home/c/ros_ws/install/rm_serial_driver/share/ament_index/resource_index/package_run_dependencies/rm_serial_driver
[17.725s] -- Symlinking: /home/c/ros_ws/install/rm_serial_driver/share/ament_index/resource_index/parent_prefix_path/rm_serial_driver
[17.728s] -- Symlinking: /home/c/ros_ws/install/rm_serial_driver/share/rm_serial_driver/environment/ament_prefix_path.sh
[17.730s] -- Symlinking: /home/c/ros_ws/install/rm_serial_driver/share/rm_serial_driver/environment/ament_prefix_path.dsv
[17.732s] -- Symlinking: /home/c/ros_ws/install/rm_serial_driver/share/rm_serial_driver/environment/path.sh
[17.735s] -- Symlinking: /home/c/ros_ws/install/rm_serial_driver/share/rm_serial_driver/environment/path.dsv
[17.736s] -- Symlinking: /home/c/ros_ws/install/rm_serial_driver/share/rm_serial_driver/local_setup.bash
[17.739s] -- Symlinking: /home/c/ros_ws/install/rm_serial_driver/share/rm_serial_driver/local_setup.sh
[17.740s] -- Symlinking: /home/c/ros_ws/install/rm_serial_driver/share/rm_serial_driver/local_setup.zsh
[17.743s] -- Symlinking: /home/c/ros_ws/install/rm_serial_driver/share/rm_serial_driver/local_setup.dsv
[17.745s] -- Symlinking: /home/c/ros_ws/install/rm_serial_driver/share/rm_serial_driver/package.dsv
[17.748s] -- Symlinking: /home/c/ros_ws/install/rm_serial_driver/share/ament_index/resource_index/packages/rm_serial_driver
[17.750s] -- Symlinking: /home/c/ros_ws/install/rm_serial_driver/share/ament_index/resource_index/rclcpp_components/rm_serial_driver
[17.753s] -- Symlinking: /home/c/ros_ws/install/rm_serial_driver/share/rm_serial_driver/cmake/ament_cmake_export_dependencies-extras.cmake
[17.755s] -- Symlinking: /home/c/ros_ws/install/rm_serial_driver/share/rm_serial_driver/cmake/ament_cmake_export_include_directories-extras.cmake
[17.756s] -- Symlinking: /home/c/ros_ws/install/rm_serial_driver/share/rm_serial_driver/cmake/ament_cmake_export_libraries-extras.cmake
[17.759s] -- Symlinking: /home/c/ros_ws/install/rm_serial_driver/share/rm_serial_driver/cmake/rm_serial_driverConfig.cmake
[17.761s] -- Symlinking: /home/c/ros_ws/install/rm_serial_driver/share/rm_serial_driver/cmake/rm_serial_driverConfig-version.cmake
[17.763s] -- Symlinking: /home/c/ros_ws/install/rm_serial_driver/share/rm_serial_driver/package.xml
[17.767s] Invoked command in '/home/c/ros_ws/build/rm_serial_driver' returned '0': AMENT_PREFIX_PATH=/home/c/ros_ws/install/auto_aim_interfaces:${AMENT_PREFIX_PATH} CMAKE_PREFIX_PATH=/home/c/ros_ws/install/auto_aim_interfaces:/opt/ros/humble LD_LIBRARY_PATH=/home/c/ros_ws/install/auto_aim_interfaces/lib:/opt/ros/humble/opt/rviz_ogre_vendor/lib:/opt/ros/humble/lib/x86_64-linux-gnu:/opt/ros/humble/lib:/opt/MVS/lib/64:/opt/MVS/lib/32:/opt/MVS/lib/64:/opt/MVS/lib/32:/opt/MVS/lib/64:/opt/MVS/lib/32 PYTHONPATH=/home/c/ros_ws/install/auto_aim_interfaces/local/lib/python3.10/dist-packages:${PYTHONPATH} /home/c/.local/bin/cmake --install /home/c/ros_ws/build/rm_serial_driver
