[0.011s] Invoking command in '/home/c/ros_ws/build/rm_auto_aim': AMENT_PREFIX_PATH=/home/c/ros_ws/install/armor_tracker:/home/c/ros_ws/install/armor_detector:/home/c/ros_ws/install/auto_aim_interfaces:${AMENT_PREFIX_PATH} CMAKE_PREFIX_PATH=/home/c/ros_ws/install/armor_tracker:/home/c/ros_ws/install/armor_detector:/home/c/ros_ws/install/auto_aim_interfaces:/opt/ros/humble LD_LIBRARY_PATH=/home/c/ros_ws/install/armor_tracker/lib:/home/c/ros_ws/install/armor_detector/lib:/home/c/ros_ws/install/auto_aim_interfaces/lib:/opt/ros/humble/opt/rviz_ogre_vendor/lib:/opt/ros/humble/lib/x86_64-linux-gnu:/opt/ros/humble/lib:/opt/MVS/lib/64:/opt/MVS/lib/32:/opt/MVS/lib/64:/opt/MVS/lib/32:/opt/MVS/lib/64:/opt/MVS/lib/32 PYTHONPATH=/home/c/ros_ws/install/auto_aim_interfaces/local/lib/python3.10/dist-packages:${PYTHONPATH} /home/c/.local/bin/cmake /home/c/ros_ws/src/rm_auto_aim/rm_auto_aim -DAMENT_CMAKE_SYMLINK_INSTALL=1 -DCMAKE_INSTALL_PREFIX=/home/c/ros_ws/install/rm_auto_aim
[0.056s] -- The C compiler identification is GNU 12.3.0
[0.109s] -- The CXX compiler identification is GNU 12.3.0
[0.116s] -- Detecting C compiler ABI info
[0.165s] -- Detecting C compiler ABI info - done
[0.176s] -- Check for working C compiler: /usr/bin/cc - skipped
[0.176s] -- Detecting C compile features
[0.176s] -- Detecting C compile features - done
[0.179s] -- Detecting CXX compiler ABI info
[0.241s] -- Detecting CXX compiler ABI info - done
[0.248s] -- Check for working CXX compiler: /usr/bin/c++ - skipped
[0.248s] -- Detecting CXX compile features
[0.249s] -- Detecting CXX compile features - done
[0.251s] -- Found ament_cmake_auto: 1.3.14 (/opt/ros/humble/share/ament_cmake_auto/cmake)
[0.353s] -- Found Python3: /usr/bin/python3 (found version "3.10.12") found components: Interpreter 
[0.409s] -- Override CMake install command with custom implementation using symlinks instead of copying resources
[0.433s] -- Found ament_lint_auto: 0.12.15 (/opt/ros/humble/share/ament_lint_auto/cmake)
[0.503s] -- Added test 'lint_cmake' to check CMake code style
[0.503s] -- Added test 'xmllint' to check XML markup files
[0.504s] -- Configuring done
[0.507s] -- Generating done
[0.509s] -- Build files have been written to: /home/c/ros_ws/build/rm_auto_aim
[0.515s] Invoked command in '/home/c/ros_ws/build/rm_auto_aim' returned '0': AMENT_PREFIX_PATH=/home/c/ros_ws/install/armor_tracker:/home/c/ros_ws/install/armor_detector:/home/c/ros_ws/install/auto_aim_interfaces:${AMENT_PREFIX_PATH} CMAKE_PREFIX_PATH=/home/c/ros_ws/install/armor_tracker:/home/c/ros_ws/install/armor_detector:/home/c/ros_ws/install/auto_aim_interfaces:/opt/ros/humble LD_LIBRARY_PATH=/home/c/ros_ws/install/armor_tracker/lib:/home/c/ros_ws/install/armor_detector/lib:/home/c/ros_ws/install/auto_aim_interfaces/lib:/opt/ros/humble/opt/rviz_ogre_vendor/lib:/opt/ros/humble/lib/x86_64-linux-gnu:/opt/ros/humble/lib:/opt/MVS/lib/64:/opt/MVS/lib/32:/opt/MVS/lib/64:/opt/MVS/lib/32:/opt/MVS/lib/64:/opt/MVS/lib/32 PYTHONPATH=/home/c/ros_ws/install/auto_aim_interfaces/local/lib/python3.10/dist-packages:${PYTHONPATH} /home/c/.local/bin/cmake /home/c/ros_ws/src/rm_auto_aim/rm_auto_aim -DAMENT_CMAKE_SYMLINK_INSTALL=1 -DCMAKE_INSTALL_PREFIX=/home/c/ros_ws/install/rm_auto_aim
[0.516s] Invoking command in '/home/c/ros_ws/build/rm_auto_aim': AMENT_PREFIX_PATH=/home/c/ros_ws/install/armor_tracker:/home/c/ros_ws/install/armor_detector:/home/c/ros_ws/install/auto_aim_interfaces:${AMENT_PREFIX_PATH} CMAKE_PREFIX_PATH=/home/c/ros_ws/install/armor_tracker:/home/c/ros_ws/install/armor_detector:/home/c/ros_ws/install/auto_aim_interfaces:/opt/ros/humble LD_LIBRARY_PATH=/home/c/ros_ws/install/armor_tracker/lib:/home/c/ros_ws/install/armor_detector/lib:/home/c/ros_ws/install/auto_aim_interfaces/lib:/opt/ros/humble/opt/rviz_ogre_vendor/lib:/opt/ros/humble/lib/x86_64-linux-gnu:/opt/ros/humble/lib:/opt/MVS/lib/64:/opt/MVS/lib/32:/opt/MVS/lib/64:/opt/MVS/lib/32:/opt/MVS/lib/64:/opt/MVS/lib/32 PYTHONPATH=/home/c/ros_ws/install/auto_aim_interfaces/local/lib/python3.10/dist-packages:${PYTHONPATH} /home/c/.local/bin/cmake --build /home/c/ros_ws/build/rm_auto_aim -- -j12 -l12
[0.529s] Invoked command in '/home/c/ros_ws/build/rm_auto_aim' returned '0': AMENT_PREFIX_PATH=/home/c/ros_ws/install/armor_tracker:/home/c/ros_ws/install/armor_detector:/home/c/ros_ws/install/auto_aim_interfaces:${AMENT_PREFIX_PATH} CMAKE_PREFIX_PATH=/home/c/ros_ws/install/armor_tracker:/home/c/ros_ws/install/armor_detector:/home/c/ros_ws/install/auto_aim_interfaces:/opt/ros/humble LD_LIBRARY_PATH=/home/c/ros_ws/install/armor_tracker/lib:/home/c/ros_ws/install/armor_detector/lib:/home/c/ros_ws/install/auto_aim_interfaces/lib:/opt/ros/humble/opt/rviz_ogre_vendor/lib:/opt/ros/humble/lib/x86_64-linux-gnu:/opt/ros/humble/lib:/opt/MVS/lib/64:/opt/MVS/lib/32:/opt/MVS/lib/64:/opt/MVS/lib/32:/opt/MVS/lib/64:/opt/MVS/lib/32 PYTHONPATH=/home/c/ros_ws/install/auto_aim_interfaces/local/lib/python3.10/dist-packages:${PYTHONPATH} /home/c/.local/bin/cmake --build /home/c/ros_ws/build/rm_auto_aim -- -j12 -l12
[0.531s] Invoking command in '/home/c/ros_ws/build/rm_auto_aim': AMENT_PREFIX_PATH=/home/c/ros_ws/install/armor_tracker:/home/c/ros_ws/install/armor_detector:/home/c/ros_ws/install/auto_aim_interfaces:${AMENT_PREFIX_PATH} CMAKE_PREFIX_PATH=/home/c/ros_ws/install/armor_tracker:/home/c/ros_ws/install/armor_detector:/home/c/ros_ws/install/auto_aim_interfaces:/opt/ros/humble LD_LIBRARY_PATH=/home/c/ros_ws/install/armor_tracker/lib:/home/c/ros_ws/install/armor_detector/lib:/home/c/ros_ws/install/auto_aim_interfaces/lib:/opt/ros/humble/opt/rviz_ogre_vendor/lib:/opt/ros/humble/lib/x86_64-linux-gnu:/opt/ros/humble/lib:/opt/MVS/lib/64:/opt/MVS/lib/32:/opt/MVS/lib/64:/opt/MVS/lib/32:/opt/MVS/lib/64:/opt/MVS/lib/32 PYTHONPATH=/home/c/ros_ws/install/auto_aim_interfaces/local/lib/python3.10/dist-packages:${PYTHONPATH} /home/c/.local/bin/cmake --install /home/c/ros_ws/build/rm_auto_aim
[0.532s] -- Install configuration: ""
[0.532s] -- Execute custom install script
[0.533s] -- Symlinking: /home/c/ros_ws/install/rm_auto_aim/share/ament_index/resource_index/package_run_dependencies/rm_auto_aim
[0.535s] -- Symlinking: /home/c/ros_ws/install/rm_auto_aim/share/ament_index/resource_index/parent_prefix_path/rm_auto_aim
[0.537s] -- Symlinking: /home/c/ros_ws/install/rm_auto_aim/share/rm_auto_aim/environment/ament_prefix_path.sh
[0.540s] -- Symlinking: /home/c/ros_ws/install/rm_auto_aim/share/rm_auto_aim/environment/ament_prefix_path.dsv
[0.542s] -- Symlinking: /home/c/ros_ws/install/rm_auto_aim/share/rm_auto_aim/environment/path.sh
[0.545s] -- Symlinking: /home/c/ros_ws/install/rm_auto_aim/share/rm_auto_aim/environment/path.dsv
[0.547s] -- Symlinking: /home/c/ros_ws/install/rm_auto_aim/share/rm_auto_aim/local_setup.bash
[0.549s] -- Symlinking: /home/c/ros_ws/install/rm_auto_aim/share/rm_auto_aim/local_setup.sh
[0.551s] -- Symlinking: /home/c/ros_ws/install/rm_auto_aim/share/rm_auto_aim/local_setup.zsh
[0.552s] -- Symlinking: /home/c/ros_ws/install/rm_auto_aim/share/rm_auto_aim/local_setup.dsv
[0.554s] -- Symlinking: /home/c/ros_ws/install/rm_auto_aim/share/rm_auto_aim/package.dsv
[0.556s] -- Symlinking: /home/c/ros_ws/install/rm_auto_aim/share/ament_index/resource_index/packages/rm_auto_aim
[0.558s] -- Symlinking: /home/c/ros_ws/install/rm_auto_aim/share/rm_auto_aim/cmake/rm_auto_aimConfig.cmake
[0.561s] -- Symlinking: /home/c/ros_ws/install/rm_auto_aim/share/rm_auto_aim/cmake/rm_auto_aimConfig-version.cmake
[0.563s] -- Symlinking: /home/c/ros_ws/install/rm_auto_aim/share/rm_auto_aim/package.xml
[0.566s] Invoked command in '/home/c/ros_ws/build/rm_auto_aim' returned '0': AMENT_PREFIX_PATH=/home/c/ros_ws/install/armor_tracker:/home/c/ros_ws/install/armor_detector:/home/c/ros_ws/install/auto_aim_interfaces:${AMENT_PREFIX_PATH} CMAKE_PREFIX_PATH=/home/c/ros_ws/install/armor_tracker:/home/c/ros_ws/install/armor_detector:/home/c/ros_ws/install/auto_aim_interfaces:/opt/ros/humble LD_LIBRARY_PATH=/home/c/ros_ws/install/armor_tracker/lib:/home/c/ros_ws/install/armor_detector/lib:/home/c/ros_ws/install/auto_aim_interfaces/lib:/opt/ros/humble/opt/rviz_ogre_vendor/lib:/opt/ros/humble/lib/x86_64-linux-gnu:/opt/ros/humble/lib:/opt/MVS/lib/64:/opt/MVS/lib/32:/opt/MVS/lib/64:/opt/MVS/lib/32:/opt/MVS/lib/64:/opt/MVS/lib/32 PYTHONPATH=/home/c/ros_ws/install/auto_aim_interfaces/local/lib/python3.10/dist-packages:${PYTHONPATH} /home/c/.local/bin/cmake --install /home/c/ros_ws/build/rm_auto_aim
