[0.010s] Invoking command in '/home/c/ros_ws/build/armor_tracker': AMENT_PREFIX_PATH=/home/c/ros_ws/install/auto_aim_interfaces:${AMENT_PREFIX_PATH} CMAKE_PREFIX_PATH=/home/c/ros_ws/install/auto_aim_interfaces:/opt/ros/humble LD_LIBRARY_PATH=/home/c/ros_ws/install/auto_aim_interfaces/lib:/opt/ros/humble/opt/rviz_ogre_vendor/lib:/opt/ros/humble/lib/x86_64-linux-gnu:/opt/ros/humble/lib:/opt/MVS/lib/64:/opt/MVS/lib/32:/opt/MVS/lib/64:/opt/MVS/lib/32:/opt/MVS/lib/64:/opt/MVS/lib/32 PYTHONPATH=/home/c/ros_ws/install/auto_aim_interfaces/local/lib/python3.10/dist-packages:${PYTHONPATH} /home/c/.local/bin/cmake /home/c/ros_ws/src/rm_auto_aim/armor_tracker -DAMENT_CMAKE_SYMLINK_INSTALL=1 -DCMAKE_INSTALL_PREFIX=/home/c/ros_ws/install/armor_tracker
[0.056s] -- The C compiler identification is GNU 12.3.0
[0.112s] -- The CXX compiler identification is GNU 12.3.0
[0.118s] -- Detecting C compiler ABI info
[0.169s] -- Detecting C compiler ABI info - done
[0.176s] -- Check for working C compiler: /usr/bin/cc - skipped
[0.176s] -- Detecting C compile features
[0.177s] -- Detecting C compile features - done
[0.180s] -- Detecting CXX compiler ABI info
[0.239s] -- Detecting CXX compiler ABI info - done
[0.246s] -- Check for working CXX compiler: /usr/bin/c++ - skipped
[0.247s] -- Detecting CXX compile features
[0.247s] -- Detecting CXX compile features - done
[0.249s] -- Found ament_cmake_auto: 1.3.14 (/opt/ros/humble/share/ament_cmake_auto/cmake)
[0.353s] -- Found Python3: /usr/bin/python3 (found version "3.10.12") found components: Interpreter 
[0.414s] -- Override CMake install command with custom implementation using symlinks instead of copying resources
[0.532s] -- Found rosidl_generator_c: 3.1.9 (/opt/ros/humble/share/rosidl_generator_c/cmake)
[0.537s] -- Found rosidl_adapter: 3.1.9 (/opt/ros/humble/share/rosidl_adapter/cmake)
[0.545s] -- Found rosidl_generator_cpp: 3.1.9 (/opt/ros/humble/share/rosidl_generator_cpp/cmake)
[0.557s] -- Using all available rosidl_typesupport_c: rosidl_typesupport_fastrtps_c;rosidl_typesupport_introspection_c
[0.573s] -- Using all available rosidl_typesupport_cpp: rosidl_typesupport_fastrtps_cpp;rosidl_typesupport_introspection_cpp
[0.614s] -- Found rmw_implementation_cmake: 6.1.2 (/opt/ros/humble/share/rmw_implementation_cmake/cmake)
[0.616s] -- Found rmw_fastrtps_cpp: 6.2.10 (/opt/ros/humble/share/rmw_fastrtps_cpp/cmake)
[0.691s] -- Found OpenSSL: /usr/lib/x86_64-linux-gnu/libcrypto.so (found version "3.0.2")  
[0.720s] -- Found FastRTPS: /opt/ros/humble/include  
[0.765s] -- Using RMW implementation 'rmw_fastrtps_cpp' as default
[0.773s] -- Looking for pthread.h
[0.829s] -- Looking for pthread.h - found
[0.829s] -- Performing Test CMAKE_HAVE_LIBC_PTHREAD
[0.885s] -- Performing Test CMAKE_HAVE_LIBC_PTHREAD - Success
[0.887s] -- Found Threads: TRUE  
[1.070s] -- Found eigen3_cmake_module: 0.1.1 (/opt/ros/humble/share/eigen3_cmake_module/cmake)
[1.071s] -- Found Eigen3: TRUE (found version "3.4.0") 
[1.071s] -- Ensuring Eigen3 include directory is part of orocos-kdl CMake target
[1.158s] -- Found ament_lint_auto: 0.12.15 (/opt/ros/humble/share/ament_lint_auto/cmake)
[1.175s] [0mIn this package, headers install destination is set to `include` by ament_auto_package. It is recommended to install `include/armor_tracker` instead and will be the default behavior of ament_auto_package from ROS 2 Kilted Kaiju. On distributions before Kilted, ament_auto_package behaves the same way when you use USE_SCOPED_HEADER_INSTALL_DIR option.[0m
[1.181s] -- Added test 'cppcheck' to perform static code analysis on C / C++ code
[1.181s] -- Configured cppcheck include dirs: /home/c/ros_ws/src/rm_auto_aim/armor_tracker/include
[1.181s] -- Configured cppcheck exclude dirs and/or files: 
[1.182s] -- Added test 'lint_cmake' to check CMake code style
[1.182s] -- Added test 'xmllint' to check XML markup files
[1.184s] -- Added test 'clang_format' to check C / C++ code style
[1.188s] -- Configuring done
[1.205s] -- Generating done
[1.210s] -- Build files have been written to: /home/c/ros_ws/build/armor_tracker
[1.225s] Invoked command in '/home/c/ros_ws/build/armor_tracker' returned '0': AMENT_PREFIX_PATH=/home/c/ros_ws/install/auto_aim_interfaces:${AMENT_PREFIX_PATH} CMAKE_PREFIX_PATH=/home/c/ros_ws/install/auto_aim_interfaces:/opt/ros/humble LD_LIBRARY_PATH=/home/c/ros_ws/install/auto_aim_interfaces/lib:/opt/ros/humble/opt/rviz_ogre_vendor/lib:/opt/ros/humble/lib/x86_64-linux-gnu:/opt/ros/humble/lib:/opt/MVS/lib/64:/opt/MVS/lib/32:/opt/MVS/lib/64:/opt/MVS/lib/32:/opt/MVS/lib/64:/opt/MVS/lib/32 PYTHONPATH=/home/c/ros_ws/install/auto_aim_interfaces/local/lib/python3.10/dist-packages:${PYTHONPATH} /home/c/.local/bin/cmake /home/c/ros_ws/src/rm_auto_aim/armor_tracker -DAMENT_CMAKE_SYMLINK_INSTALL=1 -DCMAKE_INSTALL_PREFIX=/home/c/ros_ws/install/armor_tracker
[1.227s] Invoking command in '/home/c/ros_ws/build/armor_tracker': AMENT_PREFIX_PATH=/home/c/ros_ws/install/auto_aim_interfaces:${AMENT_PREFIX_PATH} CMAKE_PREFIX_PATH=/home/c/ros_ws/install/auto_aim_interfaces:/opt/ros/humble LD_LIBRARY_PATH=/home/c/ros_ws/install/auto_aim_interfaces/lib:/opt/ros/humble/opt/rviz_ogre_vendor/lib:/opt/ros/humble/lib/x86_64-linux-gnu:/opt/ros/humble/lib:/opt/MVS/lib/64:/opt/MVS/lib/32:/opt/MVS/lib/64:/opt/MVS/lib/32:/opt/MVS/lib/64:/opt/MVS/lib/32 PYTHONPATH=/home/c/ros_ws/install/auto_aim_interfaces/local/lib/python3.10/dist-packages:${PYTHONPATH} /home/c/.local/bin/cmake --build /home/c/ros_ws/build/armor_tracker -- -j12 -l12
[1.247s] [ 16%] [32mBuilding CXX object CMakeFiles/armor_tracker_node.dir/rclcpp_components/node_main_armor_tracker_node.cpp.o[0m
[1.248s] [ 33%] [32mBuilding CXX object CMakeFiles/armor_tracker.dir/src/extended_kalman_filter.cpp.o[0m
[1.248s] [ 50%] [32mBuilding CXX object CMakeFiles/armor_tracker.dir/src/tracker.cpp.o[0m
[1.248s] [ 66%] [32mBuilding CXX object CMakeFiles/armor_tracker.dir/src/tracker_node.cpp.o[0m
[7.370s] [ 83%] [32m[1mLinking CXX executable armor_tracker_node[0m
[7.598s] [ 83%] Built target armor_tracker_node
[18.510s] [100%] [32m[1mLinking CXX shared library libarmor_tracker.so[0m
[19.362s] [100%] Built target armor_tracker
[19.373s] Invoked command in '/home/c/ros_ws/build/armor_tracker' returned '0': AMENT_PREFIX_PATH=/home/c/ros_ws/install/auto_aim_interfaces:${AMENT_PREFIX_PATH} CMAKE_PREFIX_PATH=/home/c/ros_ws/install/auto_aim_interfaces:/opt/ros/humble LD_LIBRARY_PATH=/home/c/ros_ws/install/auto_aim_interfaces/lib:/opt/ros/humble/opt/rviz_ogre_vendor/lib:/opt/ros/humble/lib/x86_64-linux-gnu:/opt/ros/humble/lib:/opt/MVS/lib/64:/opt/MVS/lib/32:/opt/MVS/lib/64:/opt/MVS/lib/32:/opt/MVS/lib/64:/opt/MVS/lib/32 PYTHONPATH=/home/c/ros_ws/install/auto_aim_interfaces/local/lib/python3.10/dist-packages:${PYTHONPATH} /home/c/.local/bin/cmake --build /home/c/ros_ws/build/armor_tracker -- -j12 -l12
[19.374s] Invoking command in '/home/c/ros_ws/build/armor_tracker': AMENT_PREFIX_PATH=/home/c/ros_ws/install/auto_aim_interfaces:${AMENT_PREFIX_PATH} CMAKE_PREFIX_PATH=/home/c/ros_ws/install/auto_aim_interfaces:/opt/ros/humble LD_LIBRARY_PATH=/home/c/ros_ws/install/auto_aim_interfaces/lib:/opt/ros/humble/opt/rviz_ogre_vendor/lib:/opt/ros/humble/lib/x86_64-linux-gnu:/opt/ros/humble/lib:/opt/MVS/lib/64:/opt/MVS/lib/32:/opt/MVS/lib/64:/opt/MVS/lib/32:/opt/MVS/lib/64:/opt/MVS/lib/32 PYTHONPATH=/home/c/ros_ws/install/auto_aim_interfaces/local/lib/python3.10/dist-packages:${PYTHONPATH} /home/c/.local/bin/cmake --install /home/c/ros_ws/build/armor_tracker
[19.376s] -- Install configuration: ""
[19.377s] -- Execute custom install script
[19.377s] -- Symlinking: /home/c/ros_ws/install/armor_tracker/lib/armor_tracker/armor_tracker_node
[19.381s] -- Symlinking: /home/c/ros_ws/install/armor_tracker/include/armor_tracker/extended_kalman_filter.hpp
[19.383s] -- Symlinking: /home/c/ros_ws/install/armor_tracker/include/armor_tracker/tracker.hpp
[19.385s] -- Symlinking: /home/c/ros_ws/install/armor_tracker/include/armor_tracker/tracker_node.hpp
[19.387s] -- Symlinking: /home/c/ros_ws/install/armor_tracker/share/armor_tracker/environment/library_path.sh
[19.389s] -- Symlinking: /home/c/ros_ws/install/armor_tracker/share/armor_tracker/environment/library_path.dsv
[19.392s] -- Symlinking: /home/c/ros_ws/install/armor_tracker/lib/libarmor_tracker.so
[19.395s] -- Symlinking: /home/c/ros_ws/install/armor_tracker/share/ament_index/resource_index/package_run_dependencies/armor_tracker
[19.397s] -- Symlinking: /home/c/ros_ws/install/armor_tracker/share/ament_index/resource_index/parent_prefix_path/armor_tracker
[19.399s] -- Symlinking: /home/c/ros_ws/install/armor_tracker/share/armor_tracker/environment/ament_prefix_path.sh
[19.401s] -- Symlinking: /home/c/ros_ws/install/armor_tracker/share/armor_tracker/environment/ament_prefix_path.dsv
[19.403s] -- Symlinking: /home/c/ros_ws/install/armor_tracker/share/armor_tracker/environment/path.sh
[19.405s] -- Symlinking: /home/c/ros_ws/install/armor_tracker/share/armor_tracker/environment/path.dsv
[19.407s] -- Symlinking: /home/c/ros_ws/install/armor_tracker/share/armor_tracker/local_setup.bash
[19.409s] -- Symlinking: /home/c/ros_ws/install/armor_tracker/share/armor_tracker/local_setup.sh
[19.412s] -- Symlinking: /home/c/ros_ws/install/armor_tracker/share/armor_tracker/local_setup.zsh
[19.414s] -- Symlinking: /home/c/ros_ws/install/armor_tracker/share/armor_tracker/local_setup.dsv
[19.415s] -- Symlinking: /home/c/ros_ws/install/armor_tracker/share/armor_tracker/package.dsv
[19.417s] -- Symlinking: /home/c/ros_ws/install/armor_tracker/share/ament_index/resource_index/packages/armor_tracker
[19.420s] -- Symlinking: /home/c/ros_ws/install/armor_tracker/share/ament_index/resource_index/rclcpp_components/armor_tracker
[19.422s] -- Symlinking: /home/c/ros_ws/install/armor_tracker/share/armor_tracker/cmake/ament_cmake_export_dependencies-extras.cmake
[19.424s] -- Symlinking: /home/c/ros_ws/install/armor_tracker/share/armor_tracker/cmake/ament_cmake_export_include_directories-extras.cmake
[19.426s] -- Symlinking: /home/c/ros_ws/install/armor_tracker/share/armor_tracker/cmake/ament_cmake_export_libraries-extras.cmake
[19.428s] -- Symlinking: /home/c/ros_ws/install/armor_tracker/share/armor_tracker/cmake/armor_trackerConfig.cmake
[19.429s] -- Symlinking: /home/c/ros_ws/install/armor_tracker/share/armor_tracker/cmake/armor_trackerConfig-version.cmake
[19.432s] -- Symlinking: /home/c/ros_ws/install/armor_tracker/share/armor_tracker/package.xml
[19.435s] Invoked command in '/home/c/ros_ws/build/armor_tracker' returned '0': AMENT_PREFIX_PATH=/home/c/ros_ws/install/auto_aim_interfaces:${AMENT_PREFIX_PATH} CMAKE_PREFIX_PATH=/home/c/ros_ws/install/auto_aim_interfaces:/opt/ros/humble LD_LIBRARY_PATH=/home/c/ros_ws/install/auto_aim_interfaces/lib:/opt/ros/humble/opt/rviz_ogre_vendor/lib:/opt/ros/humble/lib/x86_64-linux-gnu:/opt/ros/humble/lib:/opt/MVS/lib/64:/opt/MVS/lib/32:/opt/MVS/lib/64:/opt/MVS/lib/32:/opt/MVS/lib/64:/opt/MVS/lib/32 PYTHONPATH=/home/c/ros_ws/install/auto_aim_interfaces/local/lib/python3.10/dist-packages:${PYTHONPATH} /home/c/.local/bin/cmake --install /home/c/ros_ws/build/armor_tracker
