[0.010s] Invoking command in '/home/c/ros_ws/build/armor_detector': AMENT_PREFIX_PATH=/home/c/ros_ws/install/auto_aim_interfaces:${AMENT_PREFIX_PATH} CMAKE_PREFIX_PATH=/home/c/ros_ws/install/auto_aim_interfaces:/opt/ros/humble LD_LIBRARY_PATH=/home/c/ros_ws/install/auto_aim_interfaces/lib:/opt/ros/humble/opt/rviz_ogre_vendor/lib:/opt/ros/humble/lib/x86_64-linux-gnu:/opt/ros/humble/lib:/opt/MVS/lib/64:/opt/MVS/lib/32:/opt/MVS/lib/64:/opt/MVS/lib/32:/opt/MVS/lib/64:/opt/MVS/lib/32 PYTHONPATH=/home/c/ros_ws/install/auto_aim_interfaces/local/lib/python3.10/dist-packages:${PYTHONPATH} /home/c/.local/bin/cmake /home/c/ros_ws/src/rm_auto_aim/armor_detector -DAMENT_CMAKE_SYMLINK_INSTALL=1 -DCMAKE_INSTALL_PREFIX=/home/c/ros_ws/install/armor_detector
[0.059s] -- The C compiler identification is GNU 12.3.0
[0.117s] -- The CXX compiler identification is GNU 12.3.0
[0.124s] -- Detecting C compiler ABI info
[0.172s] -- Detecting C compiler ABI info - done
[0.179s] -- Check for working C compiler: /usr/bin/cc - skipped
[0.180s] -- Detecting C compile features
[0.180s] -- Detecting C compile features - done
[0.183s] -- Detecting CXX compiler ABI info
[0.238s] -- Detecting CXX compiler ABI info - done
[0.247s] -- Check for working CXX compiler: /usr/bin/c++ - skipped
[0.247s] -- Detecting CXX compile features
[0.247s] -- Detecting CXX compile features - done
[0.249s] -- Found ament_cmake_auto: 1.3.14 (/opt/ros/humble/share/ament_cmake_auto/cmake)
[0.355s] -- Found Python3: /usr/bin/python3 (found version "3.10.12") found components: Interpreter 
[0.417s] -- Override CMake install command with custom implementation using symlinks instead of copying resources
[0.448s] -- Found OpenCV: /usr (found version "4.5.4") 
[0.546s] -- Found rosidl_generator_c: 3.1.9 (/opt/ros/humble/share/rosidl_generator_c/cmake)
[0.550s] -- Found rosidl_adapter: 3.1.9 (/opt/ros/humble/share/rosidl_adapter/cmake)
[0.559s] -- Found rosidl_generator_cpp: 3.1.9 (/opt/ros/humble/share/rosidl_generator_cpp/cmake)
[0.570s] -- Using all available rosidl_typesupport_c: rosidl_typesupport_fastrtps_c;rosidl_typesupport_introspection_c
[0.585s] -- Using all available rosidl_typesupport_cpp: rosidl_typesupport_fastrtps_cpp;rosidl_typesupport_introspection_cpp
[0.625s] -- Found rmw_implementation_cmake: 6.1.2 (/opt/ros/humble/share/rmw_implementation_cmake/cmake)
[0.627s] -- Found rmw_fastrtps_cpp: 6.2.10 (/opt/ros/humble/share/rmw_fastrtps_cpp/cmake)
[0.702s] -- Found OpenSSL: /usr/lib/x86_64-linux-gnu/libcrypto.so (found version "3.0.2")  
[0.732s] -- Found FastRTPS: /opt/ros/humble/include  
[0.777s] -- Using RMW implementation 'rmw_fastrtps_cpp' as default
[0.785s] -- Looking for pthread.h
[0.843s] -- Looking for pthread.h - found
[0.843s] -- Performing Test CMAKE_HAVE_LIBC_PTHREAD
[0.899s] -- Performing Test CMAKE_HAVE_LIBC_PTHREAD - Success
[0.900s] -- Found Threads: TRUE  
[1.097s] -- Found eigen3_cmake_module: 0.1.1 (/opt/ros/humble/share/eigen3_cmake_module/cmake)
[1.098s] -- Found Eigen3: TRUE (found version "3.4.0") 
[1.098s] -- Ensuring Eigen3 include directory is part of orocos-kdl CMake target
[1.171s] -- Found ament_lint_auto: 0.12.15 (/opt/ros/humble/share/ament_lint_auto/cmake)
[1.187s] -- Found ament_cmake_gtest: 1.3.14 (/opt/ros/humble/share/ament_cmake_gtest/cmake)
[1.190s] -- Found gtest sources under '/opt/ros/humble/src/gtest_vendor': C++ tests using 'Google Test' will be built
[1.197s] [0mIn this package, headers install destination is set to `include` by ament_auto_package. It is recommended to install `include/armor_detector` instead and will be the default behavior of ament_auto_package from ROS 2 Kilted Kaiju. On distributions before Kilted, ament_auto_package behaves the same way when you use USE_SCOPED_HEADER_INSTALL_DIR option.[0m
[1.203s] -- Added test 'cppcheck' to perform static code analysis on C / C++ code
[1.203s] -- Configured cppcheck include dirs: /home/c/ros_ws/src/rm_auto_aim/armor_detector/include
[1.204s] -- Configured cppcheck exclude dirs and/or files: 
[1.205s] -- Added test 'lint_cmake' to check CMake code style
[1.206s] -- Added test 'xmllint' to check XML markup files
[1.207s] -- Added test 'clang_format' to check C / C++ code style
[1.210s] -- Configuring done
[1.252s] -- Generating done
[1.265s] -- Build files have been written to: /home/c/ros_ws/build/armor_detector
[1.279s] Invoked command in '/home/c/ros_ws/build/armor_detector' returned '0': AMENT_PREFIX_PATH=/home/c/ros_ws/install/auto_aim_interfaces:${AMENT_PREFIX_PATH} CMAKE_PREFIX_PATH=/home/c/ros_ws/install/auto_aim_interfaces:/opt/ros/humble LD_LIBRARY_PATH=/home/c/ros_ws/install/auto_aim_interfaces/lib:/opt/ros/humble/opt/rviz_ogre_vendor/lib:/opt/ros/humble/lib/x86_64-linux-gnu:/opt/ros/humble/lib:/opt/MVS/lib/64:/opt/MVS/lib/32:/opt/MVS/lib/64:/opt/MVS/lib/32:/opt/MVS/lib/64:/opt/MVS/lib/32 PYTHONPATH=/home/c/ros_ws/install/auto_aim_interfaces/local/lib/python3.10/dist-packages:${PYTHONPATH} /home/c/.local/bin/cmake /home/c/ros_ws/src/rm_auto_aim/armor_detector -DAMENT_CMAKE_SYMLINK_INSTALL=1 -DCMAKE_INSTALL_PREFIX=/home/c/ros_ws/install/armor_detector
[1.280s] Invoking command in '/home/c/ros_ws/build/armor_detector': AMENT_PREFIX_PATH=/home/c/ros_ws/install/auto_aim_interfaces:${AMENT_PREFIX_PATH} CMAKE_PREFIX_PATH=/home/c/ros_ws/install/auto_aim_interfaces:/opt/ros/humble LD_LIBRARY_PATH=/home/c/ros_ws/install/auto_aim_interfaces/lib:/opt/ros/humble/opt/rviz_ogre_vendor/lib:/opt/ros/humble/lib/x86_64-linux-gnu:/opt/ros/humble/lib:/opt/MVS/lib/64:/opt/MVS/lib/32:/opt/MVS/lib/64:/opt/MVS/lib/32:/opt/MVS/lib/64:/opt/MVS/lib/32 PYTHONPATH=/home/c/ros_ws/install/auto_aim_interfaces/local/lib/python3.10/dist-packages:${PYTHONPATH} /home/c/.local/bin/cmake --build /home/c/ros_ws/build/armor_detector -- -j12 -l12
[1.309s] [  6%] [32mBuilding CXX object gtest/CMakeFiles/gtest_main.dir/src/gtest_main.cc.o[0m
[1.311s] [ 13%] [32mBuilding CXX object CMakeFiles/armor_detector.dir/src/detector_node.cpp.o[0m
[1.312s] [ 20%] [32mBuilding CXX object CMakeFiles/armor_detector_node.dir/rclcpp_components/node_main_armor_detector_node.cpp.o[0m
[1.312s] [ 26%] [32mBuilding CXX object CMakeFiles/armor_detector.dir/src/number_classifier.cpp.o[0m
[1.313s] [ 33%] [32mBuilding CXX object CMakeFiles/armor_detector.dir/src/detector.cpp.o[0m
[1.313s] [ 40%] [32mBuilding CXX object gtest/CMakeFiles/gtest.dir/src/gtest-all.cc.o[0m
[1.314s] [ 46%] [32mBuilding CXX object CMakeFiles/armor_detector.dir/src/pnp_solver.cpp.o[0m
[2.847s] [ 53%] [32m[1mLinking CXX static library libgtest_main.a[0m
[2.910s] [ 53%] Built target gtest_main
[7.153s] [ 60%] [32m[1mLinking CXX static library libgtest.a[0m
[7.225s] [ 60%] Built target gtest
[7.306s] [ 66%] [32m[1mLinking CXX executable armor_detector_node[0m
[7.502s] [ 66%] Built target armor_detector_node
[22.451s] [ 73%] [32m[1mLinking CXX shared library libarmor_detector.so[0m
[23.430s] [ 73%] Built target armor_detector
[23.437s] [ 80%] [32mBuilding CXX object CMakeFiles/test_node_startup.dir/test/test_node_startup.cpp.o[0m
[23.438s] [ 86%] [32mBuilding CXX object CMakeFiles/test_number_cls.dir/test/test_number_cls.cpp.o[0m
[25.845s] [ 93%] [32m[1mLinking CXX executable test_number_cls[0m
[26.723s] [ 93%] Built target test_number_cls
[28.943s] [100%] [32m[1mLinking CXX executable test_node_startup[0m
[29.685s] [100%] Built target test_node_startup
[29.696s] Invoked command in '/home/c/ros_ws/build/armor_detector' returned '0': AMENT_PREFIX_PATH=/home/c/ros_ws/install/auto_aim_interfaces:${AMENT_PREFIX_PATH} CMAKE_PREFIX_PATH=/home/c/ros_ws/install/auto_aim_interfaces:/opt/ros/humble LD_LIBRARY_PATH=/home/c/ros_ws/install/auto_aim_interfaces/lib:/opt/ros/humble/opt/rviz_ogre_vendor/lib:/opt/ros/humble/lib/x86_64-linux-gnu:/opt/ros/humble/lib:/opt/MVS/lib/64:/opt/MVS/lib/32:/opt/MVS/lib/64:/opt/MVS/lib/32:/opt/MVS/lib/64:/opt/MVS/lib/32 PYTHONPATH=/home/c/ros_ws/install/auto_aim_interfaces/local/lib/python3.10/dist-packages:${PYTHONPATH} /home/c/.local/bin/cmake --build /home/c/ros_ws/build/armor_detector -- -j12 -l12
[29.697s] Invoking command in '/home/c/ros_ws/build/armor_detector': AMENT_PREFIX_PATH=/home/c/ros_ws/install/auto_aim_interfaces:${AMENT_PREFIX_PATH} CMAKE_PREFIX_PATH=/home/c/ros_ws/install/auto_aim_interfaces:/opt/ros/humble LD_LIBRARY_PATH=/home/c/ros_ws/install/auto_aim_interfaces/lib:/opt/ros/humble/opt/rviz_ogre_vendor/lib:/opt/ros/humble/lib/x86_64-linux-gnu:/opt/ros/humble/lib:/opt/MVS/lib/64:/opt/MVS/lib/32:/opt/MVS/lib/64:/opt/MVS/lib/32:/opt/MVS/lib/64:/opt/MVS/lib/32 PYTHONPATH=/home/c/ros_ws/install/auto_aim_interfaces/local/lib/python3.10/dist-packages:${PYTHONPATH} /home/c/.local/bin/cmake --install /home/c/ros_ws/build/armor_detector
[29.699s] -- Install configuration: ""
[29.699s] -- Execute custom install script
[29.700s] -- Symlinking: /home/c/ros_ws/install/armor_detector/lib/armor_detector/armor_detector_node
[29.702s] -- Symlinking: /home/c/ros_ws/install/armor_detector/include/armor_detector/armor.hpp
[29.704s] -- Symlinking: /home/c/ros_ws/install/armor_detector/include/armor_detector/detector.hpp
[29.706s] -- Symlinking: /home/c/ros_ws/install/armor_detector/include/armor_detector/detector_node.hpp
[29.708s] -- Symlinking: /home/c/ros_ws/install/armor_detector/include/armor_detector/number_classifier.hpp
[29.710s] -- Symlinking: /home/c/ros_ws/install/armor_detector/include/armor_detector/pnp_solver.hpp
[29.712s] -- Symlinking: /home/c/ros_ws/install/armor_detector/share/armor_detector/environment/library_path.sh
[29.714s] -- Symlinking: /home/c/ros_ws/install/armor_detector/share/armor_detector/environment/library_path.dsv
[29.717s] -- Symlinking: /home/c/ros_ws/install/armor_detector/lib/libarmor_detector.so
[29.719s] -- Symlinking: /home/c/ros_ws/install/armor_detector/share/armor_detector/model/label.txt
[29.722s] -- Symlinking: /home/c/ros_ws/install/armor_detector/share/armor_detector/model/mlp.onnx
[29.724s] -- Symlinking: /home/c/ros_ws/install/armor_detector/share/ament_index/resource_index/package_run_dependencies/armor_detector
[29.726s] -- Symlinking: /home/c/ros_ws/install/armor_detector/share/ament_index/resource_index/parent_prefix_path/armor_detector
[29.728s] -- Symlinking: /home/c/ros_ws/install/armor_detector/share/armor_detector/environment/ament_prefix_path.sh
[29.730s] -- Symlinking: /home/c/ros_ws/install/armor_detector/share/armor_detector/environment/ament_prefix_path.dsv
[29.732s] -- Symlinking: /home/c/ros_ws/install/armor_detector/share/armor_detector/environment/path.sh
[29.735s] -- Symlinking: /home/c/ros_ws/install/armor_detector/share/armor_detector/environment/path.dsv
[29.737s] -- Symlinking: /home/c/ros_ws/install/armor_detector/share/armor_detector/local_setup.bash
[29.739s] -- Symlinking: /home/c/ros_ws/install/armor_detector/share/armor_detector/local_setup.sh
[29.741s] -- Symlinking: /home/c/ros_ws/install/armor_detector/share/armor_detector/local_setup.zsh
[29.743s] -- Symlinking: /home/c/ros_ws/install/armor_detector/share/armor_detector/local_setup.dsv
[29.745s] -- Symlinking: /home/c/ros_ws/install/armor_detector/share/armor_detector/package.dsv
[29.747s] -- Symlinking: /home/c/ros_ws/install/armor_detector/share/ament_index/resource_index/packages/armor_detector
[29.749s] -- Symlinking: /home/c/ros_ws/install/armor_detector/share/ament_index/resource_index/rclcpp_components/armor_detector
[29.752s] -- Symlinking: /home/c/ros_ws/install/armor_detector/share/armor_detector/cmake/ament_cmake_export_dependencies-extras.cmake
[29.753s] -- Symlinking: /home/c/ros_ws/install/armor_detector/share/armor_detector/cmake/ament_cmake_export_include_directories-extras.cmake
[29.756s] -- Symlinking: /home/c/ros_ws/install/armor_detector/share/armor_detector/cmake/ament_cmake_export_libraries-extras.cmake
[29.758s] -- Symlinking: /home/c/ros_ws/install/armor_detector/share/armor_detector/cmake/armor_detectorConfig.cmake
[29.760s] -- Symlinking: /home/c/ros_ws/install/armor_detector/share/armor_detector/cmake/armor_detectorConfig-version.cmake
[29.762s] -- Symlinking: /home/c/ros_ws/install/armor_detector/share/armor_detector/package.xml
[29.766s] Invoked command in '/home/c/ros_ws/build/armor_detector' returned '0': AMENT_PREFIX_PATH=/home/c/ros_ws/install/auto_aim_interfaces:${AMENT_PREFIX_PATH} CMAKE_PREFIX_PATH=/home/c/ros_ws/install/auto_aim_interfaces:/opt/ros/humble LD_LIBRARY_PATH=/home/c/ros_ws/install/auto_aim_interfaces/lib:/opt/ros/humble/opt/rviz_ogre_vendor/lib:/opt/ros/humble/lib/x86_64-linux-gnu:/opt/ros/humble/lib:/opt/MVS/lib/64:/opt/MVS/lib/32:/opt/MVS/lib/64:/opt/MVS/lib/32:/opt/MVS/lib/64:/opt/MVS/lib/32 PYTHONPATH=/home/c/ros_ws/install/auto_aim_interfaces/local/lib/python3.10/dist-packages:${PYTHONPATH} /home/c/.local/bin/cmake --install /home/c/ros_ws/build/armor_detector
