[0.010s] Invoking command in '/home/c/ros_ws/build/rm_gimbal_description': CMAKE_PREFIX_PATH=/opt/ros/humble /home/c/.local/bin/cmake /home/c/ros_ws/src/rm_gimbal_description -DAMENT_CMAKE_SYMLINK_INSTALL=1 -DCMAKE_INSTALL_PREFIX=/home/c/ros_ws/install/rm_gimbal_description
[0.116s] -- The C compiler identification is GNU 12.3.0
[0.192s] -- The CXX compiler identification is GNU 12.3.0
[0.200s] -- Detecting C compiler ABI info
[0.254s] -- Detecting C compiler ABI info - done
[0.261s] -- Check for working C compiler: /usr/bin/cc - skipped
[0.262s] -- Detecting C compile features
[0.263s] -- Detecting C compile features - done
[0.266s] -- Detecting CXX compiler ABI info
[0.326s] -- Detecting CXX compiler ABI info - done
[0.337s] -- Check for working CXX compiler: /usr/bin/c++ - skipped
[0.338s] -- Detecting CXX compile features
[0.338s] -- Detecting CXX compile features - done
[0.343s] -- Found ament_cmake: 1.3.14 (/opt/ros/humble/share/ament_cmake/cmake)
[0.447s] -- Found Python3: /usr/bin/python3 (found version "3.10.12") found components: Interpreter 
[0.511s] -- Override CMake install command with custom implementation using symlinks instead of copying resources
[0.538s] -- Found ament_lint_auto: 0.12.15 (/opt/ros/humble/share/ament_lint_auto/cmake)
[0.618s] -- Added test 'lint_cmake' to check CMake code style
[0.624s] -- Added test 'xmllint' to check XML markup files
[0.625s] -- Configuring done
[0.628s] -- Generating done
[0.630s] -- Build files have been written to: /home/c/ros_ws/build/rm_gimbal_description
[0.634s] Invoked command in '/home/c/ros_ws/build/rm_gimbal_description' returned '0': CMAKE_PREFIX_PATH=/opt/ros/humble /home/c/.local/bin/cmake /home/c/ros_ws/src/rm_gimbal_description -DAMENT_CMAKE_SYMLINK_INSTALL=1 -DCMAKE_INSTALL_PREFIX=/home/c/ros_ws/install/rm_gimbal_description
[0.636s] Invoking command in '/home/c/ros_ws/build/rm_gimbal_description': CMAKE_PREFIX_PATH=/opt/ros/humble /home/c/.local/bin/cmake --build /home/c/ros_ws/build/rm_gimbal_description -- -j12 -l12
[0.648s] Invoked command in '/home/c/ros_ws/build/rm_gimbal_description' returned '0': CMAKE_PREFIX_PATH=/opt/ros/humble /home/c/.local/bin/cmake --build /home/c/ros_ws/build/rm_gimbal_description -- -j12 -l12
[0.652s] Invoking command in '/home/c/ros_ws/build/rm_gimbal_description': CMAKE_PREFIX_PATH=/opt/ros/humble /home/c/.local/bin/cmake --install /home/c/ros_ws/build/rm_gimbal_description
[0.653s] -- Install configuration: ""
[0.654s] -- Execute custom install script
[0.654s] -- Symlinking: /home/c/ros_ws/install/rm_gimbal_description/share/rm_gimbal_description/urdf/rm_gimbal.urdf.xacro
[0.656s] -- Symlinking: /home/c/ros_ws/install/rm_gimbal_description/share/ament_index/resource_index/package_run_dependencies/rm_gimbal_description
[0.658s] -- Symlinking: /home/c/ros_ws/install/rm_gimbal_description/share/ament_index/resource_index/parent_prefix_path/rm_gimbal_description
[0.660s] -- Symlinking: /home/c/ros_ws/install/rm_gimbal_description/share/rm_gimbal_description/environment/ament_prefix_path.sh
[0.662s] -- Symlinking: /home/c/ros_ws/install/rm_gimbal_description/share/rm_gimbal_description/environment/ament_prefix_path.dsv
[0.664s] -- Symlinking: /home/c/ros_ws/install/rm_gimbal_description/share/rm_gimbal_description/environment/path.sh
[0.666s] -- Symlinking: /home/c/ros_ws/install/rm_gimbal_description/share/rm_gimbal_description/environment/path.dsv
[0.667s] -- Symlinking: /home/c/ros_ws/install/rm_gimbal_description/share/rm_gimbal_description/local_setup.bash
[0.670s] -- Symlinking: /home/c/ros_ws/install/rm_gimbal_description/share/rm_gimbal_description/local_setup.sh
[0.672s] -- Symlinking: /home/c/ros_ws/install/rm_gimbal_description/share/rm_gimbal_description/local_setup.zsh
[0.674s] -- Symlinking: /home/c/ros_ws/install/rm_gimbal_description/share/rm_gimbal_description/local_setup.dsv
[0.676s] -- Symlinking: /home/c/ros_ws/install/rm_gimbal_description/share/rm_gimbal_description/package.dsv
[0.678s] -- Symlinking: /home/c/ros_ws/install/rm_gimbal_description/share/ament_index/resource_index/packages/rm_gimbal_description
[0.680s] -- Symlinking: /home/c/ros_ws/install/rm_gimbal_description/share/rm_gimbal_description/cmake/rm_gimbal_descriptionConfig.cmake
[0.682s] -- Symlinking: /home/c/ros_ws/install/rm_gimbal_description/share/rm_gimbal_description/cmake/rm_gimbal_descriptionConfig-version.cmake
[0.685s] -- Symlinking: /home/c/ros_ws/install/rm_gimbal_description/share/rm_gimbal_description/package.xml
[0.689s] Invoked command in '/home/c/ros_ws/build/rm_gimbal_description' returned '0': CMAKE_PREFIX_PATH=/opt/ros/humble /home/c/.local/bin/cmake --install /home/c/ros_ws/build/rm_gimbal_description
